[debug] > Exec(early(addDefaultCommands), None, None)
[debug] > Exec(addDefaultCommands, None, None)
[debug] > Exec(early(initialize), None, None)
[debug] > Exec(initialize, None, None)
[debug] > Exec(early(addPluginSbtFile="""C:\Users\mmakh\AppData\Local\Temp\idea.sbt"""), None, None)
[debug] > Exec(addPluginSbtFile="""C:\Users\mmakh\AppData\Local\Temp\idea.sbt""", None, None)
[debug] > Exec(boot, None, None)
[debug] > Exec(writeSbtVersion, None, None)
[debug] > Exec(reload, None, None)
[debug] > Exec(sbtStashOnFailure, None, None)
[debug] > Exec(onFailure loadFailed, None, None)
[debug] > Exec(loadp, None, None)
[info] welcome to sbt 1.10.2 (Oracle Corporation Java 21.0.3)
[debug] Load.defaultLoad until apply took 225.5855ms
[debug]           Load.loadUnit: plugins took 143.5106ms
[debug]           Load.loadUnit: defsScala took 0.4089ms
[debug] [Loading] Scanning directory C:\Users\mmakh\Desktop\muzzScala\project
[debug]             Load.loadUnit: mkEval took 6.6995ms
[debug] [Loading] Found non-root projects 
[debug] [Loading] Done in C:\Users\mmakh\Desktop\muzzScala\project, returning: ()
[debug] deducing auto plugins based on known facts Set(Atom(sbt.plugins.CorePlugin)) and clauses Clauses(Clause(Atom(sbt.plugins.JvmPlugin),Set(Atom(sbt.plugins.IvyPlugin)))
[debug] Clause(Atom(sbt.ScriptedPlugin),Set(Atom(sbt.plugins.JvmPlugin)))
[debug] Clause(Atom(sbt.plugins.SbtPlugin),Set(Atom(sbt.ScriptedPlugin)))
[debug] Clause(Atom(sbt.plugins.SemanticdbPlugin),Set(Atom(sbt.plugins.JvmPlugin)))
[debug] Clause(Atom(sbt.plugins.JUnitXmlReportPlugin),Set(Atom(sbt.plugins.JvmPlugin)))
[debug] Clause(Atom(sbt.plugins.MiniDependencyTreePlugin),Set(Atom(sbt.plugins.JvmPlugin)))
[debug] Clause(Atom(sbt.plugins.CorePlugin),Set(Atom(sbt.plugins.IvyPlugin)))
[debug] Clause(Atom(sbt.plugins.IvyPlugin),Set(Atom(sbt.plugins.JvmPlugin)))
[debug] Clause(Atom(sbt.plugins.JvmPlugin),Set(Atom(sbt.plugins.SemanticdbPlugin)))
[debug] Clause(Atom(sbt.plugins.JvmPlugin),Set(Atom(sbt.plugins.JUnitXmlReportPlugin)))
[debug] Clause(Atom(sbt.plugins.CorePlugin),Set(Atom(sbt.plugins.Giter8TemplatePlugin)))
[debug] Clause(Atom(sbt.plugins.JvmPlugin),Set(Atom(sbt.plugins.MiniDependencyTreePlugin))))
[debug]   :: deduced result: Matched(sbt.plugins.CorePlugin,sbt.plugins.Giter8TemplatePlugin,sbt.plugins.IvyPlugin,sbt.plugins.JvmPlugin,sbt.plugins.MiniDependencyTreePlugin,sbt.plugins.JUnitXmlReportPlugin,sbt.plugins.SemanticdbPlugin)
[debug] Plugins.deducer#function took 12.2294 ms
[info] loading settings for project muzzscala-build from idea.sbt ...
[debug]               Load.resolveProject(muzzscala-build) took 38.9353ms
[debug]             Load.loadTransitive: finalizeProject(Project(id muzzscala-build, base: C:\Users\mmakh\Desktop\muzzScala\project, plugins: List(<none>))) took 57.8304ms
[debug] [Loading] Done in C:\Users\mmakh\Desktop\muzzScala\project, returning: (muzzscala-build)
[debug]           Load.loadUnit: loadedProjectsRaw took 2754.011ms
[debug]           Load.loadUnit: cleanEvalClasses took 7.5437ms
[debug]         Load.loadUnit(file:/C:/Users/mmakh/Desktop/muzzScala/project/, ...) took 2913.4346ms
[debug]       Load.apply: load took 3113.7975ms
[debug]       Load.apply: resolveProjects took 5.6392ms
[debug]       Load.apply: finalTransforms took 63.1355ms
[debug]       Load.apply: config.delegates took 9.9939ms
[debug]       Load.apply: Def.make(settings)... took 386.2018ms
[debug]       Load.apply: structureIndex took 85.8639ms
[debug]       Load.apply: mkStreams took 1.2724ms
[info] loading project definition from C:\Users\mmakh\Desktop\muzzScala\project
[debug] Running task... Cancel: Signal, check cycles: false, forcegc: true
[debug]     Load.loadUnit: plugins took 5493.136ms
[debug]     Load.loadUnit: defsScala took 0.0051ms
[debug] [Loading] Scanning directory C:\Users\mmakh\Desktop\muzzScala
[debug]       Load.loadUnit: mkEval took 0.2778ms
[debug] [Loading] Found root project root w/ remaining 
[debug] deducing auto plugins based on known facts Set(Atom(sbt.plugins.CorePlugin)) and clauses Clauses(Clause(Atom(sbt.plugins.JvmPlugin),Set(Atom(sbt.plugins.IvyPlugin)))
[debug] Clause(Atom(sbt.ScriptedPlugin),Set(Atom(sbt.plugins.JvmPlugin)))
[debug] Clause(Atom(sbt.plugins.SbtPlugin),Set(Atom(sbt.ScriptedPlugin)))
[debug] Clause(Atom(sbt.plugins.SemanticdbPlugin),Set(Atom(sbt.plugins.JvmPlugin)))
[debug] Clause(Atom(sbt.plugins.JUnitXmlReportPlugin),Set(Atom(sbt.plugins.JvmPlugin)))
[debug] Clause(Atom(sbt.plugins.MiniDependencyTreePlugin),Set(Atom(sbt.plugins.JvmPlugin)))
[debug] Clause(Atom(org.jetbrains.sbt.StructurePlugin),Set(Atom(sbt.plugins.JvmPlugin)))
[debug] Clause(Atom(org.jetbrains.sbt.IdeaShellPlugin),Set(Atom(sbt.plugins.JvmPlugin)))
[debug] Clause(Atom(sbt.plugins.CorePlugin),Set(Atom(sbt.plugins.IvyPlugin)))
[debug] Clause(Atom(sbt.plugins.IvyPlugin),Set(Atom(sbt.plugins.JvmPlugin)))
[debug] Clause(Atom(sbt.plugins.JvmPlugin),Set(Atom(sbt.plugins.SemanticdbPlugin)))
[debug] Clause(Atom(sbt.plugins.JvmPlugin),Set(Atom(sbt.plugins.JUnitXmlReportPlugin)))
[debug] Clause(Atom(sbt.plugins.CorePlugin),Set(Atom(sbt.plugins.Giter8TemplatePlugin)))
[debug] Clause(Atom(sbt.plugins.JvmPlugin),Set(Atom(sbt.plugins.MiniDependencyTreePlugin)))
[debug] Clause(Atom(sbt.plugins.JvmPlugin),Set(Atom(org.jetbrains.sbt.StructurePlugin)))
[debug] Clause(Atom(sbt.plugins.JvmPlugin),Set(Atom(org.jetbrains.sbt.IdeaShellPlugin))))
[debug]   :: deduced result: Matched(sbt.plugins.CorePlugin,sbt.plugins.Giter8TemplatePlugin,sbt.plugins.IvyPlugin,sbt.plugins.JvmPlugin,sbt.plugins.SemanticdbPlugin,sbt.plugins.JUnitXmlReportPlugin,org.jetbrains.sbt.IdeaShellPlugin,org.jetbrains.sbt.StructurePlugin,sbt.plugins.MiniDependencyTreePlugin)
[debug] Plugins.deducer#function took 5.3965 ms
[info] loading settings for project root from build.sbt ...
[debug]         Load.resolveProject(root) took 51.9987ms
[debug]       Load.loadTransitive: finalizeProject(Project(id root, base: C:\Users\mmakh\Desktop\muzzScala, plugins: List(<none>))) took 59.1028ms
[debug] [Loading] Done in C:\Users\mmakh\Desktop\muzzScala, returning: (root)
[debug]     Load.loadUnit: loadedProjectsRaw took 1618.7781ms
[debug]     Load.loadUnit: cleanEvalClasses took 45.0961ms
[debug]   Load.loadUnit(file:/C:/Users/mmakh/Desktop/muzzScala/, ...) took 7160.7842ms
[debug] Load.apply: load took 7207.2148ms
[debug] Load.apply: resolveProjects took 0.463ms
[debug] Load.apply: finalTransforms took 80.1345ms
[debug] Load.apply: config.delegates took 0.6554ms
[debug] Load.apply: Def.make(settings)... took 87.5108ms
[debug] Load.apply: structureIndex took 39.5122ms
[debug] Load.apply: mkStreams took 0.0073ms
[info] set current project to muzzScala (in build file:/C:/Users/mmakh/Desktop/muzzScala/)
[debug] > Exec(sbtPopOnFailure, None, None)
[debug] > Exec(resumeFromFailure, None, None)
[debug] > Exec(notifyUsersAboutShell, None, None)
[debug] > Exec(iflast shell, None, None)
[debug] > Exec(idea-shell, None, None)
